Epoch: [1][1/2]	Time 0.530 (0.530)	Data 0.111 (0.111)	Loss 0.9023 (0.9023)	MAE 0.916 (0.916)
Epoch: [1][2/2]	Time 0.208 (0.369)	Data 0.001 (0.056)	Loss 1.9004 (1.4013)	MAE 1.256 (1.086)
Validation: [1/1]	Time 0.095 (0.095)	Loss 0.4602 (0.4602)	MAE 0.679 (0.679)
 * MAE 0.679
Epoch: [2][1/2]	Time 0.339 (0.339)	Data 0.120 (0.120)	Loss 3.6048 (3.6048)	MAE 1.788 (1.788)
Epoch: [2][2/2]	Time 0.184 (0.261)	Data 0.001 (0.060)	Loss 1.5355 (2.5701)	MAE 1.040 (1.414)
Validation: [1/1]	Time 0.086 (0.086)	Loss 0.4213 (0.4213)	MAE 0.651 (0.651)
 * MAE 0.651
Epoch: [3][1/2]	Time 0.321 (0.321)	Data 0.112 (0.112)	Loss 0.9776 (0.9776)	MAE 0.921 (0.921)
Epoch: [3][2/2]	Time 0.187 (0.254)	Data 0.001 (0.056)	Loss 0.9198 (0.9487)	MAE 0.933 (0.927)
Validation: [1/1]	Time 0.091 (0.091)	Loss 0.3963 (0.3963)	MAE 0.639 (0.639)
 * MAE 0.639
Epoch: [4][1/2]	Time 0.309 (0.309)	Data 0.113 (0.113)	Loss 0.8010 (0.8010)	MAE 0.820 (0.820)
Epoch: [4][2/2]	Time 0.197 (0.253)	Data 0.000 (0.057)	Loss 0.6494 (0.7252)	MAE 0.753 (0.787)
Validation: [1/1]	Time 0.079 (0.079)	Loss 0.4801 (0.4801)	MAE 0.540 (0.540)
 * MAE 0.540
Epoch: [5][1/2]	Time 0.314 (0.314)	Data 0.110 (0.110)	Loss 1.3062 (1.3062)	MAE 1.075 (1.075)
Epoch: [5][2/2]	Time 0.193 (0.253)	Data 0.000 (0.055)	Loss 0.5752 (0.9407)	MAE 0.692 (0.884)
Validation: [1/1]	Time 0.084 (0.084)	Loss 0.6011 (0.6011)	MAE 0.762 (0.762)
 * MAE 0.762
Epoch: [6][1/2]	Time 0.324 (0.324)	Data 0.106 (0.106)	Loss 1.0027 (1.0027)	MAE 0.939 (0.939)
Epoch: [6][2/2]	Time 0.180 (0.252)	Data 0.001 (0.053)	Loss 0.5700 (0.7864)	MAE 0.718 (0.829)
Validation: [1/1]	Time 0.083 (0.083)	Loss 0.2647 (0.2647)	MAE 0.526 (0.526)
 * MAE 0.526
Epoch: [7][1/2]	Time 0.340 (0.340)	Data 0.126 (0.126)	Loss 0.8911 (0.8911)	MAE 0.787 (0.787)
Epoch: [7][2/2]	Time 0.197 (0.268)	Data 0.001 (0.063)	Loss 1.5562 (1.2236)	MAE 1.078 (0.933)
Validation: [1/1]	Time 0.091 (0.091)	Loss 0.2961 (0.2961)	MAE 0.575 (0.575)
 * MAE 0.575
Epoch: [8][1/2]	Time 0.308 (0.308)	Data 0.104 (0.104)	Loss 0.4949 (0.4949)	MAE 0.626 (0.626)
Epoch: [8][2/2]	Time 0.199 (0.254)	Data 0.001 (0.052)	Loss 0.7290 (0.6119)	MAE 0.680 (0.653)
Validation: [1/1]	Time 0.090 (0.090)	Loss 0.4056 (0.4056)	MAE 0.458 (0.458)
 * MAE 0.458
Epoch: [9][1/2]	Time 0.305 (0.305)	Data 0.108 (0.108)	Loss 0.8801 (0.8801)	MAE 0.679 (0.679)
Epoch: [9][2/2]	Time 0.205 (0.255)	Data 0.001 (0.054)	Loss 0.4098 (0.6449)	MAE 0.489 (0.584)
Validation: [1/1]	Time 0.085 (0.085)	Loss 0.8117 (0.8117)	MAE 0.797 (0.797)
 * MAE 0.797
Epoch: [10][1/2]	Time 0.304 (0.304)	Data 0.093 (0.093)	Loss 1.5048 (1.5048)	MAE 0.904 (0.904)
Epoch: [10][2/2]	Time 0.193 (0.249)	Data 0.001 (0.047)	Loss 0.2542 (0.8795)	MAE 0.384 (0.644)
Validation: [1/1]	Time 0.087 (0.087)	Loss 1.8634 (1.8634)	MAE 0.889 (0.889)
 * MAE 0.889
Epoch: [11][1/2]	Time 0.316 (0.316)	Data 0.108 (0.108)	Loss 0.4821 (0.4821)	MAE 0.535 (0.535)
